<?xml version="1.0" encoding="UTF-8"?>
<!-- Generated by org.testng.reporters.JUnitReportReporter -->
<testsuite hostname="DESKTOP-63KLCIR" failures="0" tests="1" name="jenkins_overview.JenkinsTest" time="5.374" errors="0" timestamp="2025-06-14T11:07:49 IST" skipped="0">
  <testcase classname="jenkins_overview.JenkinsTest" name="launch" time="5.374">
    <system-out>
      <![CDATA[Empty browser has been launched in JenkinsTest class]]>
    </system-out>
  </testcase> <!-- launch -->
  <system-out>
    <![CDATA[Empty browser has been launched in JenkinsTest class]]>
  </system-out>
</testsuite> <!-- jenkins_overview.JenkinsTest -->
